<?xml version="1.0" encoding="UTF-8"?>
<!-- Generated by org.testng.reporters.JUnitXMLReporter -->
<testsuite ignored="0" hostname="LPT-1189" failures="2" tests="2" name="Test" time="33.345" errors="0" timestamp="2023-02-27T17:02:14 IST">
  <testcase classname="com.kotak.testCases.KotakHomePageTest" name="TC01_ExplorePoduct" time="10.592">
    <failure type="java.lang.NullPointerException">
      <![CDATA[java.lang.NullPointerException
at com.kotak.testCases.KotakHomePageTest.TC01_ExplorePoduct(KotakHomePageTest.java:40)
at java.base/java.util.ArrayList.forEach(ArrayList.java:1541)
... Removed 27 stack frames]]>
    </failure>
  </testcase> <!-- TC01_ExplorePoduct -->
  <testcase classname="com.kotak.testCases.KotakHomePageTest1" name="TC01_ExplorePoduct" time="12.521">
    <failure type="java.lang.AssertionError" message="expected [https://www.kotak.com/en/personal-banking/loans/personal-loan/personal-loan-emi-calculator.html123] but found [https://www.kotak.com/en/personal-banking/loans/personal-loan/personal-loan-emi-calculator.html]">
      <![CDATA[java.lang.AssertionError: expected [https://www.kotak.com/en/personal-banking/loans/personal-loan/personal-loan-emi-calculator.html123] but found [https://www.kotak.com/en/personal-banking/loans/personal-loan/personal-loan-emi-calculator.html]
at com.kotak.testCases.KotakHomePageTest1.TC01_ExplorePoduct(KotakHomePageTest1.java:47)
at java.base/java.util.ArrayList.forEach(ArrayList.java:1541)
... Removed 33 stack frames]]>
    </failure>
  </testcase> <!-- TC01_ExplorePoduct -->
</testsuite> <!-- Test -->
