<?xml version="1.0" encoding="UTF-8"?>
<!-- Generated by org.testng.reporters.JUnitXMLReporter -->
<testsuite ignored="0" hostname="DESKTOP-D9PQEK6" failures="1" tests="1" name="TestOnEdge" time="99.839" errors="0" timestamp="20 Feb 2023 07:00:49 GMT">
  <testcase classname="com.kotak.testCases.KotakHomePageTest1" name="TC01_ExplorePoduct" time="36.885">
    <failure type="java.lang.AssertionError" message="expected [https://www.kotak.com/en/personal-banking/loans/personal-loan/personal-loan-emi-calculator.html123] but found [https://www.kotak.com/en/personal-banking/loans/personal-loan/personal-loan-emi-calculator.html]">
      <![CDATA[java.lang.AssertionError: expected [https://www.kotak.com/en/personal-banking/loans/personal-loan/personal-loan-emi-calculator.html123] but found [https://www.kotak.com/en/personal-banking/loans/personal-loan/personal-loan-emi-calculator.html]
	at com.kotak.testCases.KotakHomePageTest1.TC01_ExplorePoduct(KotakHomePageTest1.java:47)
... Removed 35 stack frames]]>
    </failure>
  </testcase> <!-- TC01_ExplorePoduct -->
</testsuite> <!-- TestOnEdge -->
