<?xml version="1.0" encoding="UTF-8"?>
<testng-results ignored="0" total="2" passed="1" failed="1" skipped="0">
  <reporter-output>
  </reporter-output>
  <suite started-at="2023-02-24T05:13:37Z" name="Suite" finished-at="2023-02-24T05:14:58Z" duration-ms="81680">
    <groups>
    </groups>
    <test started-at="2023-02-24T05:13:37Z" name="TestonChrome" finished-at="2023-02-24T05:14:19Z" duration-ms="42000">
      <class name="com.kotak.testCases.KotakHomePageTest">
        <test-method is-config="true" signature="setUp(java.lang.String)[pri:0, instance:com.kotak.testCases.KotakHomePageTest@7ac0e420]" started-at="2023-02-24T10:43:37Z" name="setUp" finished-at="2023-02-24T10:43:48Z" duration-ms="11436" status="PASS">
          <params>
            <param index="0">
              <value>
                <![CDATA[chrome]]>
              </value>
            </param>
          </params>
          <reporter-output>
          </reporter-output>
        </test-method> <!-- setUp -->
        <test-method signature="TC01_ExplorePoduct()[pri:0, instance:com.kotak.testCases.KotakHomePageTest@7ac0e420]" started-at="2023-02-24T10:43:48Z" name="TC01_ExplorePoduct" finished-at="2023-02-24T10:44:19Z" duration-ms="30490" status="PASS">
          <reporter-output>
          </reporter-output>
        </test-method> <!-- TC01_ExplorePoduct -->
      </class> <!-- com.kotak.testCases.KotakHomePageTest -->
    </test> <!-- TestonChrome -->
    <test started-at="2023-02-24T05:14:21Z" name="TestOnEdge" finished-at="2023-02-24T05:14:58Z" duration-ms="37190">
      <class name="com.kotak.testCases.KotakHomePageTest1">
        <test-method is-config="true" signature="setUp(java.lang.String)[pri:0, instance:com.kotak.testCases.KotakHomePageTest1@421bba99]" started-at="2023-02-24T10:44:21Z" name="setUp" finished-at="2023-02-24T10:44:32Z" duration-ms="11005" status="PASS">
          <params>
            <param index="0">
              <value>
                <![CDATA[edge]]>
              </value>
            </param>
          </params>
          <reporter-output>
          </reporter-output>
        </test-method> <!-- setUp -->
        <test-method signature="TC01_ExplorePoduct()[pri:0, instance:com.kotak.testCases.KotakHomePageTest1@421bba99]" started-at="2023-02-24T10:44:32Z" name="TC01_ExplorePoduct" finished-at="2023-02-24T10:44:58Z" duration-ms="25651" status="FAIL">
          <exception class="java.lang.AssertionError">
            <message>
              <![CDATA[expected [https://www.kotak.com/en/personal-banking/loans/personal-loan/personal-loan-emi-calculator.html123] but found [https://www.kotak.com/en/personal-banking/loans/personal-loan/personal-loan-emi-calculator.html]]]>
            </message>
            <full-stacktrace>
              <![CDATA[java.lang.AssertionError: expected [https://www.kotak.com/en/personal-banking/loans/personal-loan/personal-loan-emi-calculator.html123] but found [https://www.kotak.com/en/personal-banking/loans/personal-loan/personal-loan-emi-calculator.html]
	at org.testng.Assert.fail(Assert.java:93)
	at org.testng.Assert.failNotEquals(Assert.java:512)
	at org.testng.Assert.assertEqualsImpl(Assert.java:134)
	at org.testng.Assert.assertEquals(Assert.java:115)
	at org.testng.Assert.assertEquals(Assert.java:189)
	at org.testng.Assert.assertEquals(Assert.java:199)
	at com.kotak.testCases.KotakHomePageTest1.TC01_ExplorePoduct(KotakHomePageTest1.java:47)
	at java.base/jdk.internal.reflect.NativeMethodAccessorImpl.invoke0(Native Method)
	at java.base/jdk.internal.reflect.NativeMethodAccessorImpl.invoke(NativeMethodAccessorImpl.java:77)
	at java.base/jdk.internal.reflect.DelegatingMethodAccessorImpl.invoke(DelegatingMethodAccessorImpl.java:43)
	at java.base/java.lang.reflect.Method.invoke(Method.java:568)
	at org.testng.internal.MethodInvocationHelper.invokeMethod(MethodInvocationHelper.java:108)
	at org.testng.internal.Invoker.invokeMethod(Invoker.java:661)
	at org.testng.internal.Invoker.invokeTestMethod(Invoker.java:869)
	at org.testng.internal.Invoker.invokeTestMethods(Invoker.java:1193)
	at org.testng.internal.TestMethodWorker.invokeTestMethods(TestMethodWorker.java:126)
	at org.testng.internal.TestMethodWorker.run(TestMethodWorker.java:109)
	at org.testng.TestRunner.privateRun(TestRunner.java:744)
	at org.testng.TestRunner.run(TestRunner.java:602)
	at org.testng.SuiteRunner.runTest(SuiteRunner.java:380)
	at org.testng.SuiteRunner.runSequentially(SuiteRunner.java:375)
	at org.testng.SuiteRunner.privateRun(SuiteRunner.java:340)
	at org.testng.SuiteRunner.run(SuiteRunner.java:289)
	at org.testng.SuiteRunnerWorker.runSuite(SuiteRunnerWorker.java:52)
	at org.testng.SuiteRunnerWorker.run(SuiteRunnerWorker.java:86)
	at org.testng.TestNG.runSuitesSequentially(TestNG.java:1301)
	at org.testng.TestNG.runSuitesLocally(TestNG.java:1226)
	at org.testng.TestNG.runSuites(TestNG.java:1144)
	at org.testng.TestNG.run(TestNG.java:1115)
	at org.testng.remote.AbstractRemoteTestNG.run(AbstractRemoteTestNG.java:115)
	at org.testng.remote.RemoteTestNG.initAndRun(RemoteTestNG.java:251)
	at org.testng.remote.RemoteTestNG.main(RemoteTestNG.java:77)
]]>
            </full-stacktrace>
          </exception> <!-- java.lang.AssertionError -->
          <reporter-output>
          </reporter-output>
        </test-method> <!-- TC01_ExplorePoduct -->
      </class> <!-- com.kotak.testCases.KotakHomePageTest1 -->
    </test> <!-- TestOnEdge -->
  </suite> <!-- Suite -->
</testng-results>
